SF:lib\src\di\bind.dart
DA:18,2
DA:24,1
DA:29,1
DA:36,1
DA:41,1
DA:48,1
DA:53,1
DA:60,1
DA:65,1
DA:74,2
DA:76,1
DA:78,1
DA:79,1
DA:80,1
DA:81,1
DA:87,1
DA:89,1
DA:91,1
DA:92,1
DA:93,1
DA:94,1
DA:100,1
DA:102,1
DA:104,1
DA:105,1
DA:106,1
DA:107,1
DA:114,4
DA:116,1
DA:118,1
DA:119,1
DA:120,1
DA:121,1
DA:127,1
DA:129,1
DA:130,1
DA:132,2
DA:137,2
DA:144,1
DA:149,1
DA:156,1
DA:161,1
DA:168,2
DA:173,2
DA:182,2
DA:184,1
LF:46
LH:46
end_of_record
SF:lib\src\di\resolvers.dart
DA:3,1
LF:1
LH:1
end_of_record
SF:lib\src\errors\errors.dart
DA:5,2
DA:7,5
DA:9,1
DA:10,4
DA:14,4
LF:5
LH:5
end_of_record
SF:lib\src\module\module.dart
DA:5,2
DA:7,2
DA:9,2
DA:11,2
LF:4
LH:4
end_of_record
SF:lib\src\route\arguments.dart
DA:16,2
DA:18,1
DA:19,3
DA:23,3
DA:29,3
DA:35,3
DA:37,1
DA:38,2
LF:8
LH:8
end_of_record
SF:lib\src\route\route.dart
DA:35,1
DA:45,4
DA:59,1
DA:60,4
DA:61,1
DA:63,1
DA:64,1
DA:65,1
DA:66,1
DA:68,1
DA:69,1
DA:70,1
DA:80,1
DA:82,1
DA:86,7
DA:89,1
DA:90,5
DA:92,1
DA:96,2
LF:19
LH:19
end_of_record
SF:lib\src\tracker.dart
DA:27,2
DA:66,1
DA:68,1
DA:69,1
DA:72,1
DA:78,1
DA:82,1
DA:83,1
DA:85,1
DA:86,3
DA:88,1
DA:90,1
DA:91,2
DA:94,1
DA:96,3
DA:97,2
DA:98,3
DA:99,2
DA:100,3
DA:105,7
DA:109,4
DA:113,1
DA:115,2
DA:116,3
DA:126,1
DA:128,2
DA:129,1
DA:137,2
DA:142,1
DA:144,2
DA:146,3
DA:147,2
DA:149,1
DA:150,3
DA:151,3
DA:154,1
DA:155,2
DA:160,1
DA:161,2
DA:163,2
DA:165,1
DA:167,2
DA:168,2
DA:170,2
DA:173,1
DA:174,1
DA:175,1
DA:179,1
DA:181,5
DA:182,1
DA:183,3
DA:184,1
DA:185,3
DA:187,5
DA:191,1
DA:193,1
DA:195,2
DA:196,2
DA:197,2
DA:200,1
DA:202,2
DA:203,1
DA:207,1
DA:209,1
DA:212,1
DA:214,2
DA:215,1
DA:219,1
DA:220,3
DA:223,1
DA:224,2
DA:226,2
DA:227,2
DA:230,1
DA:231,2
DA:232,2
DA:240,1
DA:241,1
DA:242,1
DA:245,1
DA:246,2
DA:247,3
DA:248,1
DA:250,1
DA:253,1
DA:255,1
DA:256,4
DA:257,1
DA:258,1
DA:261,1
DA:262,3
DA:263,2
DA:264,2
DA:265,1
DA:270,1
DA:271,2
DA:272,1
DA:276,1
DA:277,2
DA:278,2
DA:279,1
DA:283,1
DA:284,1
DA:286,1
DA:287,2
DA:288,2
DA:291,1
DA:292,3
DA:293,2
DA:296,2
DA:299,1
DA:300,1
DA:302,1
DA:303,2
DA:304,2
DA:306,2
DA:312,1
DA:313,1
DA:314,2
DA:315,4
DA:319,2
DA:320,2
DA:330,1
DA:331,1
DA:332,1
DA:333,4
DA:334,2
DA:335,3
DA:336,1
DA:337,2
DA:343,1
DA:344,1
DA:346,2
DA:347,1
DA:348,2
DA:354,1
DA:356,2
DA:357,2
DA:358,2
DA:359,1
DA:362,1
DA:363,1
LF:142
LH:142
end_of_record
