SF:lib\src\di\resolvers.dart
DA:3,1
LF:1
LH:1
end_of_record
SF:lib\src\di\bind.dart
DA:18,2
DA:24,1
DA:29,1
DA:36,1
DA:41,1
DA:48,1
DA:53,1
DA:60,1
DA:65,1
DA:74,2
DA:76,1
DA:78,1
DA:79,1
DA:80,1
DA:81,1
DA:87,1
DA:89,1
DA:91,1
DA:92,1
DA:93,1
DA:94,1
DA:100,1
DA:102,1
DA:104,1
DA:105,1
DA:106,1
DA:107,1
DA:114,4
DA:116,1
DA:118,1
DA:119,1
DA:120,1
DA:121,1
DA:127,1
DA:129,1
DA:130,1
DA:132,2
DA:137,2
DA:144,1
DA:149,1
DA:156,1
DA:161,1
DA:168,2
DA:173,2
DA:182,2
DA:184,1
LF:46
LH:46
end_of_record
SF:lib\src\errors\errors.dart
DA:5,2
DA:7,5
DA:9,1
DA:10,4
DA:14,4
LF:5
LH:5
end_of_record
SF:lib\src\module\module.dart
DA:7,1
DA:8,1
DA:10,1
DA:11,1
DA:13,1
DA:14,1
DA:16,1
DA:17,1
LF:8
LH:8
end_of_record
SF:lib\src\route\arguments.dart
DA:16,2
DA:18,1
DA:19,3
DA:23,3
DA:29,3
DA:35,3
DA:37,1
DA:38,2
LF:8
LH:8
end_of_record
SF:lib\src\route\route.dart
DA:35,1
DA:45,4
DA:59,1
DA:60,4
DA:61,1
DA:63,1
DA:64,1
DA:65,1
DA:66,1
DA:68,1
DA:69,1
DA:70,1
DA:80,1
DA:82,1
DA:86,7
DA:89,1
DA:90,5
DA:92,1
DA:96,2
LF:19
LH:19
end_of_record
SF:lib\src\route\tracker.dart
DA:27,2
DA:63,1
DA:65,1
DA:66,1
DA:69,1
DA:75,1
DA:79,1
DA:80,1
DA:82,1
DA:83,3
DA:85,1
DA:87,1
DA:88,2
DA:91,1
DA:93,3
DA:94,2
DA:95,3
DA:96,2
DA:97,3
DA:102,7
DA:106,4
DA:110,1
DA:112,2
DA:113,3
DA:123,1
DA:125,2
DA:126,1
DA:134,2
DA:139,1
DA:141,2
DA:143,3
DA:144,2
DA:146,1
DA:147,3
DA:148,3
DA:151,1
DA:152,2
DA:157,1
DA:158,2
DA:160,2
DA:162,1
DA:164,2
DA:165,2
DA:167,2
DA:170,1
DA:171,1
DA:172,1
DA:176,1
DA:178,5
DA:179,1
DA:180,3
DA:181,1
DA:182,3
DA:184,5
DA:188,1
DA:190,1
DA:192,2
DA:193,2
DA:194,2
DA:197,1
DA:199,1
DA:202,1
DA:204,2
DA:205,1
DA:209,1
DA:210,3
DA:213,1
DA:214,2
DA:216,2
DA:217,2
DA:220,1
DA:221,2
DA:222,2
DA:230,1
DA:231,1
DA:232,1
DA:235,1
DA:236,2
DA:237,3
DA:238,1
DA:240,1
DA:243,1
DA:245,1
DA:246,4
DA:247,1
DA:250,1
DA:251,3
DA:252,2
DA:253,2
DA:254,1
DA:259,1
DA:260,2
DA:261,1
DA:265,1
DA:266,2
DA:267,2
DA:268,1
DA:272,1
DA:273,1
DA:275,1
DA:276,2
DA:277,2
DA:280,1
DA:281,3
DA:282,2
DA:285,2
DA:288,1
DA:289,1
DA:291,1
DA:292,2
DA:293,2
DA:295,2
DA:301,1
DA:302,1
DA:303,2
DA:304,4
DA:308,2
DA:309,2
DA:319,1
DA:320,1
DA:321,1
DA:322,4
DA:323,2
DA:324,3
DA:325,1
DA:326,2
DA:332,1
DA:333,1
DA:335,2
DA:336,1
DA:337,2
DA:343,1
DA:345,2
DA:346,2
DA:347,2
DA:348,1
DA:351,1
DA:352,1
LF:138
LH:138
end_of_record
