SF:lib\src\domain\dtos\route_dto.dart
DA:6,4
DA:8,3
DA:12,1
DA:13,3
DA:14,3
DA:15,3
DA:18,1
DA:19,8
LF:8
LH:8
end_of_record
SF:lib\shelf_modular.dart
DA:27,1
DA:28,2
LF:2
LH:2
end_of_record
SF:lib\src\shelf_modular_module.dart
DA:18,9
DA:20,3
DA:21,3
DA:22,3
DA:26,9
DA:28,3
DA:29,3
DA:30,6
DA:32,3
DA:33,3
DA:34,3
DA:36,3
DA:37,3
DA:38,3
DA:39,3
DA:40,3
DA:41,3
DA:42,3
DA:44,3
DA:45,3
LF:20
LH:20
end_of_record
SF:lib\src\presenter\modular_base.dart
DA:62,3
DA:72,1
DA:74,3
DA:76,1
DA:78,3
DA:81,0
DA:83,0
DA:86,1
DA:87,2
DA:89,1
DA:92,1
DA:93,2
DA:94,5
DA:95,1
DA:97,1
DA:98,1
DA:99,2
DA:100,1
DA:103,2
DA:105,1
DA:106,2
DA:110,1
DA:111,1
DA:113,1
DA:116,1
DA:117,1
DA:118,3
DA:119,1
DA:121,1
DA:122,1
DA:123,3
DA:124,2
DA:125,1
DA:126,1
DA:128,1
DA:129,1
DA:130,1
DA:132,2
DA:133,2
DA:134,3
DA:139,1
DA:140,1
DA:141,1
DA:143,2
DA:144,1
DA:146,3
DA:150,1
DA:151,1
DA:153,2
DA:155,1
DA:157,2
DA:158,1
DA:161,3
DA:162,2
DA:168,1
DA:170,1
DA:173,1
DA:174,1
DA:175,2
DA:178,2
DA:181,1
DA:183,3
DA:185,1
DA:187,1
DA:188,1
DA:189,1
DA:190,1
DA:191,1
DA:195,1
DA:198,1
DA:199,1
DA:201,1
DA:202,2
DA:204,3
DA:205,2
DA:207,2
LF:76
LH:74
end_of_record
SF:lib\src\presenter\middlewares\middlewares.dart
DA:11,1
DA:14,1
DA:15,1
DA:16,1
DA:17,5
DA:19,1
DA:25,1
DA:27,1
DA:30,1
LF:9
LH:9
end_of_record
SF:lib\src\presenter\models\route.dart
DA:8,1
DA:18,2
DA:20,1
DA:25,1
DA:33,1
DA:38,1
DA:46,1
DA:51,1
DA:58,1
DA:63,1
DA:71,1
DA:76,1
DA:84,1
DA:88,1
DA:90,1
DA:95,1
DA:98,1
DA:99,1
DA:102,1
DA:107,1
DA:109,1
DA:115,1
DA:128,1
DA:129,1
DA:130,1
DA:131,1
DA:132,1
DA:133,1
DA:134,1
DA:135,1
DA:137,1
DA:141,1
DA:143,2
DA:145,1
DA:147,1
LF:35
LH:35
end_of_record
SF:lib\src\presenter\resources\websocket_resource.dart
DA:9,1
DA:10,3
DA:20,1
DA:22,2
DA:24,2
DA:25,1
DA:26,3
DA:27,1
DA:28,1
DA:29,2
DA:30,1
DA:34,1
DA:36,4
DA:37,4
DA:38,1
DA:39,4
DA:42,2
DA:43,2
DA:52,4
DA:53,3
DA:58,2
DA:59,3
DA:61,3
DA:62,3
DA:64,1
DA:65,2
DA:66,1
DA:67,3
DA:69,1
LF:29
LH:29
end_of_record
SF:lib\src\domain\errors\errors.dart
DA:4,1
DA:5,1
DA:9,2
DA:10,2
LF:4
LH:4
end_of_record
SF:lib\src\domain\usecases\dispose_bind.dart
DA:12,4
DA:14,1
DA:16,2
LF:3
LH:3
end_of_record
SF:lib\src\domain\usecases\finish_module.dart
DA:12,4
DA:14,1
DA:16,2
LF:3
LH:3
end_of_record
SF:lib\src\domain\usecases\get_arguments.dart
DA:12,4
DA:14,1
DA:16,2
LF:3
LH:3
end_of_record
SF:lib\src\domain\usecases\get_bind.dart
DA:12,4
DA:14,1
DA:16,2
LF:3
LH:3
end_of_record
SF:lib\src\domain\usecases\get_route.dart
DA:13,4
DA:15,1
DA:17,2
LF:3
LH:3
end_of_record
SF:lib\src\domain\usecases\report_push.dart
DA:12,4
DA:14,1
DA:16,2
LF:3
LH:3
end_of_record
SF:lib\src\domain\usecases\start_module.dart
DA:12,4
DA:14,1
DA:16,2
LF:3
LH:3
end_of_record
SF:lib\src\infra\services\bind_service_impl.dart
DA:9,4
DA:11,1
DA:13,2
DA:14,1
DA:17,1
DA:20,2
DA:21,1
DA:22,1
DA:23,3
LF:9
LH:9
end_of_record
SF:lib\src\infra\services\module_service_impl.dart
DA:8,4
DA:10,1
DA:12,2
DA:13,1
DA:16,1
DA:18,2
DA:19,1
LF:7
LH:7
end_of_record
SF:lib\src\infra\services\route_service_impl.dart
DA:10,4
DA:12,1
DA:14,3
DA:15,2
DA:17,1
DA:19,4
DA:23,1
DA:25,3
DA:28,1
DA:30,2
DA:31,1
LF:11
LH:11
end_of_record
SF:lib\src\presenter\errors\errors.dart
DA:4,1
DA:5,1
LF:2
LH:2
end_of_record
SF:lib\src\presenter\handlers\handlers.dart
DA:39,2
DA:46,2
DA:47,2
DA:48,2
DA:49,1
DA:50,2
DA:51,1
DA:52,2
DA:53,1
DA:54,2
DA:55,1
DA:56,2
DA:57,1
DA:58,2
DA:59,1
DA:60,2
DA:61,1
DA:62,2
DA:63,1
DA:64,2
DA:65,1
DA:66,2
DA:67,1
DA:68,2
DA:69,1
DA:70,2
DA:71,1
DA:72,2
DA:73,1
DA:74,2
DA:75,1
DA:76,2
DA:77,1
LF:33
LH:33
end_of_record
