SF:lib\src\domain\usecases\dispose_bind.dart
DA:12,1
DA:14,1
DA:16,2
LF:3
LH:3
end_of_record
SF:lib\shelf_modular.dart
DA:15,3
LF:1
LH:1
end_of_record
SF:lib\src\domain\usecases\finish_module.dart
DA:12,1
DA:14,1
DA:16,2
LF:3
LH:3
end_of_record
SF:lib\src\domain\usecases\get_arguments.dart
DA:12,1
DA:14,1
DA:16,2
LF:3
LH:3
end_of_record
SF:lib\src\domain\usecases\get_bind.dart
DA:12,1
DA:14,1
DA:16,2
LF:3
LH:3
end_of_record
SF:lib\src\domain\usecases\get_route.dart
DA:13,1
DA:15,1
DA:17,2
LF:3
LH:3
end_of_record
SF:lib\src\domain\usecases\report_push.dart
DA:12,1
DA:14,1
DA:16,2
LF:3
LH:3
end_of_record
SF:lib\src\domain\usecases\start_module.dart
DA:12,1
DA:14,1
DA:16,2
LF:3
LH:3
end_of_record
SF:lib\src\presenter\models\route.dart
DA:8,1
DA:18,2
DA:20,1
DA:25,1
DA:33,1
DA:38,1
DA:46,1
DA:51,1
DA:58,1
DA:63,1
DA:71,1
DA:76,1
DA:84,1
DA:88,1
DA:90,1
DA:95,1
DA:96,1
DA:97,1
DA:100,1
DA:105,1
DA:107,1
DA:113,1
DA:126,1
DA:127,1
DA:128,1
DA:129,1
DA:130,1
DA:131,1
DA:132,1
DA:133,1
DA:135,1
DA:139,1
DA:141,2
DA:143,1
DA:145,1
LF:35
LH:35
end_of_record
SF:lib\src\shelf_modular_module.dart
DA:18,9
DA:20,3
DA:21,3
DA:22,3
DA:26,9
DA:28,3
DA:29,3
DA:30,6
DA:32,3
DA:33,3
DA:34,3
DA:36,3
DA:37,3
DA:38,3
DA:39,3
DA:40,3
DA:41,3
DA:42,3
DA:44,3
DA:45,3
LF:20
LH:20
end_of_record
SF:lib\src\presenter\modular_base.dart
DA:61,1
DA:71,1
DA:72,3
DA:74,1
DA:76,3
DA:79,0
DA:81,0
DA:84,1
DA:85,2
DA:87,1
DA:89,1
DA:90,4
DA:91,0
DA:93,0
DA:94,0
DA:95,0
DA:96,0
DA:99,0
DA:101,0
DA:105,0
DA:106,0
DA:108,1
DA:112,1
DA:113,5
DA:114,1
DA:115,1
DA:116,3
DA:117,2
DA:118,1
DA:119,1
DA:120,2
DA:121,1
DA:126,0
DA:127,0
DA:128,0
DA:133,1
DA:134,1
DA:135,1
DA:137,2
DA:138,1
DA:139,3
DA:143,1
DA:144,2
DA:146,1
DA:148,2
DA:149,0
DA:152,3
DA:153,1
DA:159,0
DA:161,1
DA:163,1
DA:166,1
DA:167,1
DA:168,2
DA:171,2
DA:174,1
DA:176,3
DA:178,1
DA:180,1
DA:181,1
DA:182,1
DA:183,1
DA:184,1
DA:188,1
DA:191,2
DA:193,1
DA:194,2
DA:196,3
DA:197,2
DA:199,2
LF:70
LH:54
end_of_record
SF:lib\src\presenter\middlewares\middlewares.dart
DA:11,1
DA:14,1
DA:15,1
DA:16,1
DA:17,5
DA:19,1
DA:25,1
DA:27,1
DA:30,1
LF:9
LH:9
end_of_record
SF:lib\src\presenter\resources\websocket_resource.dart
DA:9,1
DA:10,3
DA:20,1
DA:22,2
DA:24,2
DA:25,1
DA:26,3
DA:27,1
DA:28,1
DA:29,2
DA:30,1
DA:34,1
DA:36,4
DA:37,4
DA:38,1
DA:39,4
DA:42,2
DA:43,2
DA:52,4
DA:53,3
DA:58,2
DA:59,3
DA:61,3
DA:62,3
DA:64,1
DA:65,2
DA:66,1
DA:67,3
DA:69,1
LF:29
LH:29
end_of_record
SF:lib\src\domain\dtos\route_dto.dart
DA:6,4
DA:8,3
DA:12,1
DA:13,3
DA:14,3
DA:15,3
DA:18,1
DA:19,8
LF:8
LH:8
end_of_record
SF:lib\src\domain\errors\errors.dart
DA:4,1
DA:5,1
DA:9,2
DA:10,2
LF:4
LH:4
end_of_record
SF:lib\src\infra\services\bind_service_impl.dart
DA:9,1
DA:11,1
DA:13,2
DA:14,1
DA:17,1
DA:20,2
DA:21,1
DA:22,1
DA:23,3
LF:9
LH:9
end_of_record
SF:lib\src\infra\services\module_service_impl.dart
DA:8,1
DA:10,1
DA:12,2
DA:13,1
DA:16,1
DA:18,2
DA:19,1
LF:7
LH:7
end_of_record
SF:lib\src\infra\services\route_service_impl.dart
DA:10,1
DA:12,1
DA:14,5
DA:16,1
DA:18,4
DA:22,1
DA:24,3
DA:27,1
DA:29,2
DA:30,1
LF:10
LH:10
end_of_record
SF:lib\src\presenter\errors\errors.dart
DA:4,1
DA:5,1
LF:2
LH:2
end_of_record
SF:lib\src\presenter\handlers\handlers.dart
DA:27,1
DA:34,1
DA:35,1
DA:36,1
DA:37,1
DA:38,1
DA:39,1
DA:40,1
DA:41,1
DA:42,1
DA:43,1
DA:44,1
DA:45,1
DA:46,1
DA:47,1
DA:48,1
DA:49,1
DA:50,1
DA:51,1
DA:52,1
DA:53,1
DA:54,1
DA:55,1
DA:56,1
DA:57,1
DA:58,1
DA:59,1
DA:60,1
DA:61,1
DA:62,1
DA:63,1
DA:64,1
DA:65,1
LF:33
LH:33
end_of_record
