SF:/c/projects/modular/packages/flutter_modular/lib\src\domain\dtos\route_dto.dart
DA:6,19
DA:8,3
DA:12,1
DA:13,3
DA:14,3
DA:15,3
DA:18,1
DA:19,8
LF:8
LH:8
end_of_record
SF:/c/projects/modular/packages/flutter_modular/lib\flutter_modular.dart
DA:39,9
DA:40,18
DA:44,4
DA:45,4
DA:49,4
DA:50,4
DA:51,4
DA:52,4
DA:57,2
DA:58,1
DA:59,1
DA:60,1
DA:66,1
DA:68,1
DA:69,1
DA:77,1
DA:78,3
DA:80,1
DA:82,1
DA:83,2
DA:85,4
DA:88,1
DA:90,2
DA:93,1
DA:95,1
DA:96,3
DA:97,5
DA:98,4
DA:99,2
DA:100,1
DA:101,2
DA:104,1
DA:106,1
DA:107,4
DA:110,1
DA:112,2
DA:113,1
DA:114,1
DA:115,1
LF:39
LH:39
end_of_record
SF:/c/projects/modular/packages/flutter_modular/lib\src\flutter_modular_module.dart
DA:32,10
DA:33,30
DA:37,4
DA:38,4
DA:43,10
DA:44,10
DA:46,20
DA:47,30
DA:49,40
DA:50,40
DA:51,40
DA:53,40
DA:54,40
DA:55,40
DA:56,40
DA:57,40
DA:58,40
DA:59,40
DA:60,10
DA:61,13
DA:62,40
DA:63,40
DA:64,13
DA:65,40
DA:66,40
DA:68,20
DA:69,10
DA:70,10
DA:71,10
DA:72,10
DA:73,10
DA:74,30
DA:75,10
DA:76,10
DA:77,10
DA:78,30
DA:79,10
DA:80,10
DA:81,10
DA:82,10
DA:83,10
DA:84,10
DA:85,10
DA:86,10
DA:87,10
DA:88,10
DA:89,10
LF:47
LH:47
end_of_record
SF:/c/projects/modular/packages/flutter_modular/lib\src\domain\usecases\get_arguments.dart
DA:12,11
DA:14,10
DA:16,20
LF:3
LH:3
end_of_record
SF:/c/projects/modular/packages/flutter_modular/lib\src\presenter\modular_base.dart
DA:112,6
DA:114,6
DA:116,11
DA:130,2
DA:132,6
DA:134,4
DA:136,13
DA:138,1
DA:139,1
DA:145,4
DA:147,8
DA:150,1
DA:152,7
DA:154,1
DA:160,1
DA:162,2
DA:164,5
DA:166,5
DA:167,10
DA:170,6
DA:172,6
DA:173,18
DA:174,30
DA:175,6
DA:177,12
DA:179,1
DA:180,2
DA:184,3
DA:185,6
DA:187,10
DA:189,30
DA:193,5
DA:195,10
DA:196,10
DA:203,2
DA:206,4
DA:209,1
DA:211,1
DA:214,1
DA:216,2
DA:219,1
DA:221,2
DA:224,1
DA:226,5
LF:44
LH:44
end_of_record
SF:/c/projects/modular/packages/flutter_modular/lib\src\presenter\navigation\modular_page.dart
DA:14,9
DA:20,36
DA:22,2
DA:23,2
DA:25,2
DA:26,2
DA:27,2
DA:30,6
DA:33,12
DA:34,24
DA:36,1
DA:39,12
DA:41,6
DA:42,2
DA:43,2
DA:44,1
DA:45,2
DA:46,1
DA:48,2
DA:49,1
DA:50,1
DA:52,6
DA:54,6
DA:56,12
DA:57,1
DA:59,2
DA:63,6
DA:65,12
DA:68,1
DA:69,1
DA:71,2
DA:72,1
DA:75,3
DA:76,1
DA:77,1
DA:78,2
DA:80,2
DA:92,1
DA:97,1
DA:103,1
DA:106,1
LF:41
LH:41
end_of_record
SF:/c/projects/modular/packages/flutter_modular/lib\src\presenter\navigation\modular_router_delegate.dart
DA:27,10
DA:34,1
DA:35,2
DA:37,6
DA:39,24
DA:40,6
DA:44,6
DA:45,6
DA:46,6
DA:48,6
DA:49,6
DA:53,2
DA:55,2
DA:56,2
DA:59,2
DA:62,2
DA:63,2
DA:68,6
DA:69,6
DA:72,20
DA:73,1
DA:74,8
DA:75,1
DA:76,1
DA:80,6
DA:81,6
DA:83,7
DA:84,2
DA:92,1
DA:93,1
DA:94,1
DA:95,2
DA:99,3
DA:100,1
DA:101,4
DA:102,2
DA:106,1
DA:108,3
DA:109,2
DA:112,1
DA:113,2
DA:117,1
DA:118,1
DA:119,1
DA:121,3
DA:124,2
DA:125,1
DA:126,3
DA:127,1
DA:128,1
DA:129,2
DA:132,4
DA:133,6
DA:134,1
DA:140,1
DA:142,1
DA:143,3
DA:144,1
DA:146,3
DA:147,2
DA:148,3
DA:150,2
DA:152,3
DA:154,3
DA:156,1
DA:157,6
DA:158,2
DA:159,2
DA:161,1
DA:165,5
DA:166,3
DA:169,3
DA:172,2
DA:176,1
DA:181,1
DA:182,3
DA:183,1
DA:184,3
DA:188,4
DA:189,4
DA:190,3
DA:191,2
DA:193,1
DA:195,3
DA:197,1
DA:198,6
DA:199,2
DA:200,2
DA:202,1
DA:205,3
DA:208,2
DA:211,1
DA:217,1
DA:218,1
DA:221,1
DA:222,3
DA:224,1
DA:226,3
DA:228,1
DA:230,3
DA:232,1
DA:234,4
DA:235,3
DA:237,1
DA:238,1
DA:241,1
DA:242,1
DA:243,3
DA:245,3
DA:250,1
DA:253,1
DA:254,3
DA:255,1
DA:257,4
DA:258,3
DA:260,1
DA:261,1
DA:262,1
DA:263,1
DA:264,5
DA:265,2
DA:267,4
DA:268,3
DA:270,1
DA:271,1
DA:272,1
DA:273,3
DA:275,1
DA:276,6
DA:277,2
DA:278,2
DA:280,1
DA:284,3
DA:287,2
DA:290,1
DA:291,3
DA:294,1
DA:295,4
DA:300,2
DA:302,1
DA:303,1
DA:305,1
DA:306,1
DA:308,1
DA:309,1
DA:311,1
DA:314,1
DA:317,1
DA:318,1
DA:320,1
DA:321,1
DA:323,1
DA:324,1
LF:153
LH:153
end_of_record
SF:/c/projects/modular/packages/flutter_modular/lib\src\presenter\navigation\router_outlet_delegate.dart
DA:20,2
DA:23,2
DA:24,4
DA:25,4
DA:26,2
DA:27,1
DA:30,2
DA:32,2
DA:33,2
DA:35,1
DA:36,1
DA:37,1
DA:39,1
DA:40,2
DA:45,1
DA:46,1
LF:16
LH:16
end_of_record
SF:/c/projects/modular/packages/flutter_modular/lib\src\presenter\guards\route_guard.dart
DA:18,2
DA:20,1
DA:24,2
DA:25,8
DA:27,2
DA:28,3
DA:31,4
LF:7
LH:7
end_of_record
SF:/c/projects/modular/packages/flutter_modular/lib\src\presenter\models\bind.dart
DA:5,14
DA:13,14
DA:24,10
DA:26,10
DA:27,10
DA:28,10
DA:29,10
DA:30,10
DA:31,10
DA:32,10
DA:33,10
DA:38,12
DA:40,22
DA:47,11
DA:51,11
DA:60,11
DA:64,11
DA:73,11
DA:77,11
DA:80,1
DA:90,1
DA:91,1
DA:92,1
DA:93,1
DA:94,1
DA:95,1
DA:96,1
DA:97,1
DA:110,1
DA:115,1
DA:118,1
DA:119,5
DA:124,1
DA:125,2
DA:126,1
DA:127,2
DA:130,1
DA:140,1
DA:141,1
DA:142,1
DA:151,1
DA:155,1
LF:42
LH:42
end_of_record
SF:/c/projects/modular/packages/flutter_modular/lib\src\presenter\models\child_route.dart
DA:8,9
DA:17,18
DA:18,30
DA:20,9
LF:4
LH:4
end_of_record
SF:/c/projects/modular/packages/flutter_modular/lib\src\presenter\models\modular_args.dart
DA:21,11
LF:1
LH:1
end_of_record
SF:/c/projects/modular/packages/flutter_modular/lib\src\presenter\models\module.dart
DA:8,12
DA:11,3
DA:14,1
DA:17,1
DA:21,1
DA:22,1
DA:23,2
DA:24,2
DA:25,2
LF:9
LH:9
end_of_record
SF:/c/projects/modular/packages/flutter_modular/lib\src\presenter\models\module_route.dart
DA:6,1
DA:20,2
DA:22,1
DA:34,1
DA:38,1
DA:46,1
DA:52,1
DA:55,1
DA:72,1
DA:73,1
DA:74,1
DA:75,1
DA:76,1
DA:77,1
DA:78,1
DA:79,1
DA:80,1
DA:81,1
DA:82,1
DA:83,1
DA:84,1
DA:85,1
LF:22
LH:22
end_of_record
SF:/c/projects/modular/packages/flutter_modular/lib\src\presenter\models\redirect_to_route.dart
DA:10,3
DA:13,3
DA:15,1
LF:3
LH:3
end_of_record
SF:/c/projects/modular/packages/flutter_modular/lib\src\presenter\models\route.dart
DA:36,16
DA:52,16
DA:59,15
DA:63,3
DA:72,3
DA:82,4
DA:83,4
DA:86,1
DA:88,1
DA:89,1
DA:92,2
DA:94,4
DA:96,2
DA:98,2
DA:104,7
DA:121,7
DA:122,7
DA:123,7
DA:124,7
DA:125,7
DA:126,7
DA:127,7
DA:128,7
DA:129,7
DA:130,7
DA:131,7
DA:132,7
DA:133,2
DA:134,7
DA:159,39
DA:185,2
LF:31
LH:31
end_of_record
SF:/c/projects/modular/packages/flutter_modular/lib\src\presenter\models\wildcard_route.dart
DA:12,1
DA:17,1
LF:2
LH:2
end_of_record
SF:/c/projects/modular/packages/flutter_modular/lib\src\presenter\navigation\transitions\page_transition.dart
DA:3,39
DA:22,1
DA:31,1
DA:32,1
DA:33,1
DA:38,1
DA:40,1
DA:41,1
DA:43,1
DA:46,2
DA:47,1
DA:48,1
DA:51,2
DA:57,1
DA:58,1
DA:60,1
DA:63,2
DA:64,1
DA:65,1
DA:68,2
DA:73,1
DA:74,1
DA:76,1
DA:79,2
DA:80,1
DA:81,1
DA:84,2
DA:89,1
DA:90,1
DA:92,1
DA:95,2
DA:96,1
DA:97,1
DA:100,2
DA:105,1
DA:106,1
DA:108,1
DA:110,1
DA:118,1
DA:119,1
DA:121,1
DA:122,1
DA:124,1
DA:125,1
DA:131,1
DA:132,1
DA:134,1
DA:135,1
DA:142,1
DA:143,1
DA:144,1
DA:147,2
DA:148,1
DA:149,1
DA:150,1
DA:151,1
DA:154,2
DA:160,1
DA:161,1
DA:162,1
DA:165,2
DA:166,1
DA:167,1
DA:168,1
DA:169,1
DA:172,2
LF:66
LH:66
end_of_record
SF:/c/projects/modular/packages/flutter_modular/lib\src\presenter\navigation\transitions\transitions.dart
DA:5,1
DA:15,1
DA:19,1
DA:20,3
DA:22,1
DA:23,1
DA:31,1
DA:36,1
DA:40,1
DA:41,3
DA:47,1
DA:52,1
DA:56,1
DA:57,3
DA:63,1
DA:68,1
DA:72,1
DA:73,3
DA:79,1
DA:84,1
DA:88,1
DA:89,3
DA:95,1
DA:100,1
DA:104,1
DA:105,3
DA:111,1
DA:116,1
DA:120,1
DA:121,3
DA:127,1
DA:132,1
DA:136,1
DA:137,3
DA:143,1
DA:148,1
DA:152,1
DA:153,3
DA:159,1
DA:164,1
DA:168,1
DA:169,3
LF:42
LH:42
end_of_record
SF:/c/projects/modular/packages/flutter_modular/lib\src\presenter\widgets\modular_app.dart
DA:16,4
DA:26,4
DA:27,12
DA:29,12
DA:32,4
DA:33,4
DA:37,4
DA:39,4
DA:40,16
DA:43,4
DA:45,8
DA:46,8
DA:47,20
DA:48,4
DA:49,4
DA:52,1
DA:54,1
DA:55,2
DA:58,4
DA:60,12
DA:68,1
DA:71,1
DA:73,1
DA:74,3
DA:78,1
DA:81,1
DA:84,1
DA:85,3
DA:86,3
DA:88,1
DA:89,5
DA:93,4
DA:94,4
DA:96,1
DA:98,2
DA:99,1
DA:101,3
DA:103,1
DA:105,1
DA:108,1
DA:111,1
DA:116,4
DA:117,4
DA:121,8
DA:127,1
DA:129,1
DA:133,1
DA:137,1
DA:139,1
DA:140,4
DA:141,1
DA:142,4
DA:144,1
DA:145,1
DA:148,4
DA:150,6
DA:151,4
DA:154,1
DA:155,1
DA:156,1
DA:157,1
DA:160,1
DA:162,1
DA:163,1
DA:164,1
DA:167,1
DA:169,1
DA:172,2
DA:173,3
DA:174,1
DA:185,1
DA:186,1
DA:190,1
DA:191,1
LF:74
LH:74
end_of_record
SF:/c/projects/modular/packages/flutter_modular/lib\src\presenter\widgets\modular_state.dart
DA:12,2
DA:13,2
DA:14,2
DA:15,2
DA:17,1
DA:19,2
DA:20,1
LF:7
LH:7
end_of_record
SF:/c/projects/modular/packages/flutter_modular/lib\src\presenter\widgets\navigation_listener.dart
DA:8,1
DA:9,1
DA:11,1
DA:12,1
DA:16,3
DA:18,1
DA:20,1
DA:21,4
DA:24,1
DA:26,1
DA:27,4
DA:30,1
DA:32,5
LF:13
LH:13
end_of_record
SF:/c/projects/modular/packages/flutter_modular/lib\src\presenter\widgets\widget_module.dart
DA:16,1
DA:18,2
DA:21,3
DA:23,2
DA:25,1
DA:27,2
DA:30,1
DA:32,2
DA:38,1
DA:40,2
DA:42,1
DA:45,2
DA:48,1
DA:50,2
DA:53,1
DA:55,2
DA:57,1
DA:59,2
DA:62,1
DA:64,1
DA:66,1
DA:70,1
DA:72,2
DA:74,1
DA:76,2
DA:80,1
DA:90,1
DA:91,1
DA:93,1
DA:94,1
DA:99,1
DA:101,1
DA:102,5
DA:105,1
DA:107,2
DA:110,1
DA:112,1
DA:113,6
LF:38
LH:38
end_of_record
SF:/c/projects/modular/packages/flutter_modular/lib\src\domain\errors\errors.dart
DA:4,9
DA:5,1
DA:9,1
DA:10,1
LF:4
LH:4
end_of_record
SF:/c/projects/modular/packages/flutter_modular/lib\src\shared\either.dart
DA:11,1
DA:12,1
DA:15,1
DA:17,1
DA:20,1
DA:21,1
DA:24,4
DA:25,16
DA:28,1
DA:29,4
DA:42,5
DA:44,4
DA:46,8
DA:49,2
DA:51,4
DA:64,28
DA:66,10
DA:68,20
DA:71,22
DA:73,22
DA:77,28
DA:78,28
DA:79,10
DA:81,2
DA:87,39
LF:25
LH:25
end_of_record
SF:/c/projects/modular/packages/flutter_modular/lib\src\domain\usecases\bind_module.dart
DA:12,2
DA:14,2
DA:16,4
LF:3
LH:3
end_of_record
SF:/c/projects/modular/packages/flutter_modular/lib\src\domain\usecases\dispose_bind.dart
DA:12,11
DA:14,2
DA:16,4
LF:3
LH:3
end_of_record
SF:/c/projects/modular/packages/flutter_modular/lib\src\domain\usecases\finish_module.dart
DA:12,11
DA:14,5
DA:16,10
LF:3
LH:3
end_of_record
SF:/c/projects/modular/packages/flutter_modular/lib\src\domain\usecases\get_bind.dart
DA:12,11
DA:14,4
DA:16,8
LF:3
LH:3
end_of_record
SF:/c/projects/modular/packages/flutter_modular/lib\src\domain\usecases\get_route.dart
DA:13,11
DA:15,6
DA:17,12
LF:3
LH:3
end_of_record
SF:/c/projects/modular/packages/flutter_modular/lib\src\domain\usecases\module_ready.dart
DA:14,11
DA:17,1
DA:18,3
LF:3
LH:3
end_of_record
SF:/c/projects/modular/packages/flutter_modular/lib\src\domain\usecases\reassemble_tracker.dart
DA:12,11
DA:14,2
DA:16,4
LF:3
LH:3
end_of_record
SF:/c/projects/modular/packages/flutter_modular/lib\src\domain\usecases\release_scoped_binds.dart
DA:12,1
DA:14,1
DA:16,2
LF:3
LH:3
end_of_record
SF:/c/projects/modular/packages/flutter_modular/lib\src\domain\usecases\report_pop.dart
DA:12,11
DA:14,1
DA:16,2
LF:3
LH:3
end_of_record
SF:/c/projects/modular/packages/flutter_modular/lib\src\domain\usecases\report_push.dart
DA:12,11
DA:14,6
DA:16,12
LF:3
LH:3
end_of_record
SF:/c/projects/modular/packages/flutter_modular/lib\src\domain\usecases\set_arguments.dart
DA:12,11
DA:14,1
DA:16,2
LF:3
LH:3
end_of_record
SF:/c/projects/modular/packages/flutter_modular/lib\src\domain\usecases\start_module.dart
DA:12,11
DA:14,6
DA:16,12
LF:3
LH:3
end_of_record
SF:/c/projects/modular/packages/flutter_modular/lib\src\domain\usecases\unbind_module.dart
DA:12,2
DA:14,2
DA:16,4
LF:3
LH:3
end_of_record
SF:/c/projects/modular/packages/flutter_modular/lib\src\infra\services\bind_service_impl.dart
DA:10,11
DA:12,2
DA:14,4
DA:15,2
DA:18,4
DA:21,8
DA:22,4
DA:23,1
DA:24,3
DA:28,1
DA:30,2
DA:31,1
LF:12
LH:12
end_of_record
SF:/c/projects/modular/packages/flutter_modular/lib\src\infra\services\module_service_impl.dart
DA:10,11
DA:12,5
DA:14,10
DA:15,5
DA:18,6
DA:20,12
DA:21,6
DA:24,1
DA:26,2
DA:27,1
DA:28,3
DA:32,2
DA:34,6
DA:35,2
DA:38,2
DA:40,6
DA:41,2
LF:17
LH:17
end_of_record
SF:/c/projects/modular/packages/flutter_modular/lib\src\infra\services\route_service_impl.dart
DA:10,11
DA:13,6
DA:15,24
DA:16,12
DA:18,6
DA:20,4
DA:24,10
DA:26,30
DA:29,1
DA:31,2
DA:32,1
DA:35,1
DA:37,2
DA:38,1
DA:41,6
DA:43,12
DA:44,6
DA:47,2
DA:49,4
DA:50,2
LF:20
LH:20
end_of_record
SF:/c/projects/modular/packages/flutter_modular/lib\src\presenter\navigation\modular_route_information_parser.dart
DA:23,10
DA:31,6
DA:34,6
DA:35,6
DA:36,12
DA:38,12
DA:40,1
DA:43,6
DA:46,1
DA:49,12
DA:52,6
DA:54,18
DA:57,6
DA:59,12
DA:62,18
DA:65,1
DA:70,12
DA:71,12
DA:72,12
DA:74,1
DA:75,3
DA:77,1
DA:78,2
DA:79,1
DA:80,1
DA:81,2
DA:84,2
DA:86,2
DA:87,2
DA:94,6
DA:95,24
DA:96,18
DA:100,6
DA:101,6
DA:102,1
DA:105,6
DA:107,6
DA:108,18
DA:109,13
DA:110,1
DA:113,2
DA:114,3
DA:115,3
DA:116,3
DA:117,1
DA:119,12
DA:122,6
DA:123,18
DA:124,7
DA:125,2
DA:131,6
DA:132,3
DA:139,1
LF:53
LH:53
end_of_record
SF:/c/projects/modular/packages/flutter_modular/lib\src\presenter\errors\errors.dart
DA:4,1
DA:5,1
DA:9,2
DA:13,2
DA:14,2
LF:5
LH:5
end_of_record
SF:/c/projects/modular/packages/flutter_modular/lib\src\presenter\navigation\custom_navigator.dart
DA:7,8
DA:13,8
DA:20,6
DA:21,12
DA:27,6
DA:29,1
DA:32,3
DA:35,1
DA:40,3
DA:44,1
DA:48,3
DA:52,1
DA:57,3
LF:13
LH:13
end_of_record
SF:/c/projects/modular/packages/flutter_modular/lib\src\presenter\navigation\modular_book.dart
DA:8,43
DA:10,9
DA:12,8
DA:14,48
DA:15,8
DA:16,24
DA:17,8
DA:18,16
DA:19,40
DA:21,16
DA:22,16
DA:29,1
DA:33,1
DA:34,1
LF:14
LH:14
end_of_record
